2025-05-29T06:46:34.058-03:00  WARN 14408 --- [apisimpalmas] [HikariPool-1:housekeeper] com.zaxxer.hikari.pool.HikariPool        : HikariPool-1 - Thread starvation or clock leap detected (housekeeper delta=12h50m2s311ms909µs900ns).
2025-05-29T07:48:21.971-03:00  WARN 14408 --- [apisimpalmas] [HikariPool-1:housekeeper] com.zaxxer.hikari.pool.HikariPool        : HikariPool-1 - Thread starvation or clock leap detected (housekeeper delta=33m16s131ms790µs).
2025-05-29T10:32:51.073-03:00  INFO 14408 --- [apisimpalmas] [File Watcher] rtingClassPathChangeChangedEventListener : Restarting due to 1 class path change (0 additions, 0 deletions, 1 modification)
2025-05-29T10:32:51.303-03:00  INFO 14408 --- [apisimpalmas] [Thread-5] o.s.b.w.e.tomcat.GracefulShutdown        : Commencing graceful shutdown. Waiting for active requests to complete
2025-05-29T10:32:51.350-03:00  INFO 14408 --- [apisimpalmas] [tomcat-shutdown] o.s.b.w.e.tomcat.GracefulShutdown        : Graceful shutdown complete
2025-05-29T10:32:51.539-03:00  INFO 14408 --- [apisimpalmas] [Thread-5] j.LocalContainerEntityManagerFactoryBean : Closing JPA EntityManagerFactory for persistence unit 'default'
2025-05-29T10:32:51.629-03:00  INFO 14408 --- [apisimpalmas] [Thread-5] com.zaxxer.hikari.HikariDataSource       : HikariPool-1 - Shutdown initiated...
2025-05-29T10:32:51.664-03:00  INFO 14408 --- [apisimpalmas] [Thread-5] com.zaxxer.hikari.HikariDataSource       : HikariPool-1 - Shutdown completed.
2025-05-29T10:32:52.429-03:00  INFO 14408 --- [apisimpalmas] [restartedMain] b.c.j.a.ApisimpalmasApplication          : Starting ApisimpalmasApplication using Java 21.0.4 with PID 14408 (C:\desenvolvimento\apisimpalmas\target\classes started by secretaria01 in c:\desenvolvimento\apisimpalmas)
2025-05-29T10:32:52.429-03:00  INFO 14408 --- [apisimpalmas] [restartedMain] b.c.j.a.ApisimpalmasApplication          : No active profile set, falling back to 1 default profile: "default"
2025-05-29T10:32:53.716-03:00  INFO 14408 --- [apisimpalmas] [restartedMain] .s.d.r.c.RepositoryConfigurationDelegate : Bootstrapping Spring Data JPA repositories in DEFAULT mode.
2025-05-29T10:32:53.747-03:00  INFO 14408 --- [apisimpalmas] [restartedMain] .s.d.r.c.RepositoryConfigurationDelegate : Finished Spring Data repository scanning in 28 ms. Found 1 JPA repository interface.
2025-05-29T10:32:54.050-03:00  INFO 14408 --- [apisimpalmas] [restartedMain] o.s.b.w.embedded.tomcat.TomcatWebServer  : Tomcat initialized with port 8080 (http)
2025-05-29T10:32:54.055-03:00  INFO 14408 --- [apisimpalmas] [restartedMain] o.apache.catalina.core.StandardService   : Starting service [Tomcat]
2025-05-29T10:32:54.059-03:00  INFO 14408 --- [apisimpalmas] [restartedMain] o.apache.catalina.core.StandardEngine    : Starting Servlet engine: [Apache Tomcat/10.1.41]
2025-05-29T10:32:54.099-03:00  INFO 14408 --- [apisimpalmas] [restartedMain] o.a.c.c.C.[.[localhost].[/apisimpalmas]  : Initializing Spring embedded WebApplicationContext
2025-05-29T10:32:54.104-03:00  INFO 14408 --- [apisimpalmas] [restartedMain] w.s.c.ServletWebServerApplicationContext : Root WebApplicationContext: initialization completed in 1666 ms
2025-05-29T10:32:54.312-03:00  INFO 14408 --- [apisimpalmas] [restartedMain] o.hibernate.jpa.internal.util.LogHelper  : HHH000204: Processing PersistenceUnitInfo [name: default]
2025-05-29T10:32:54.322-03:00  INFO 14408 --- [apisimpalmas] [restartedMain] o.h.c.internal.RegionFactoryInitiator    : HHH000026: Second-level cache disabled
2025-05-29T10:32:54.399-03:00  INFO 14408 --- [apisimpalmas] [restartedMain] o.s.o.j.p.SpringPersistenceUnitInfo      : No LoadTimeWeaver setup: ignoring JPA class transformer
2025-05-29T10:32:54.487-03:00  INFO 14408 --- [apisimpalmas] [restartedMain] com.zaxxer.hikari.HikariDataSource       : HikariPool-2 - Starting...
2025-05-29T10:32:54.779-03:00  INFO 14408 --- [apisimpalmas] [restartedMain] com.zaxxer.hikari.pool.HikariPool        : HikariPool-2 - Added connection org.postgresql.jdbc.PgConnection@3751bceb
2025-05-29T10:32:54.782-03:00  INFO 14408 --- [apisimpalmas] [restartedMain] com.zaxxer.hikari.HikariDataSource       : HikariPool-2 - Start completed.
2025-05-29T10:32:54.840-03:00  INFO 14408 --- [apisimpalmas] [restartedMain] org.hibernate.orm.connections.pooling    : HHH10001005: Database info:
	Database JDBC URL [Connecting through datasource 'HikariDataSource (HikariPool-2)']
	Database driver: undefined/unknown
	Database version: 16.6
	Autocommit mode: undefined/unknown
	Isolation level: undefined/unknown
	Minimum pool size: undefined/unknown
	Maximum pool size: undefined/unknown
2025-05-29T10:32:55.437-03:00  INFO 14408 --- [apisimpalmas] [restartedMain] o.h.e.t.j.p.i.JtaPlatformInitiator       : HHH000489: No JTA platform available (set 'hibernate.transaction.jta.platform' to enable JTA platform integration)
2025-05-29T10:32:55.569-03:00  INFO 14408 --- [apisimpalmas] [restartedMain] j.LocalContainerEntityManagerFactoryBean : Initialized JPA EntityManagerFactory for persistence unit 'default'
2025-05-29T10:32:55.835-03:00  WARN 14408 --- [apisimpalmas] [restartedMain] JpaBaseConfiguration$JpaWebConfiguration : spring.jpa.open-in-view is enabled by default. Therefore, database queries may be performed during view rendering. Explicitly configure spring.jpa.open-in-view to disable this warning
2025-05-29T10:32:56.193-03:00  INFO 14408 --- [apisimpalmas] [restartedMain] o.s.b.d.a.OptionalLiveReloadServer       : LiveReload server is running on port 35729
2025-05-29T10:32:56.201-03:00  INFO 14408 --- [apisimpalmas] [restartedMain] o.s.b.a.e.web.EndpointLinksResolver      : Exposing 1 endpoint beneath base path '/actuator'
2025-05-29T10:32:56.268-03:00  INFO 14408 --- [apisimpalmas] [restartedMain] o.s.b.w.embedded.tomcat.TomcatWebServer  : Tomcat started on port 8080 (http) with context path '/apisimpalmas'
2025-05-29T10:32:56.296-03:00  INFO 14408 --- [apisimpalmas] [restartedMain] b.c.j.a.ApisimpalmasApplication          : Started ApisimpalmasApplication in 4.144 seconds (process running for 63630.957)
2025-05-29T10:32:56.302-03:00  INFO 14408 --- [apisimpalmas] [restartedMain] .ConditionEvaluationDeltaLoggingListener : Condition evaluation unchanged
2025-05-29T10:33:04.924-03:00  INFO 14408 --- [apisimpalmas] [File Watcher] rtingClassPathChangeChangedEventListener : Restarting due to 1 class path change (0 additions, 0 deletions, 1 modification)
2025-05-29T10:33:04.937-03:00  INFO 14408 --- [apisimpalmas] [Thread-7] o.s.b.w.e.tomcat.GracefulShutdown        : Commencing graceful shutdown. Waiting for active requests to complete
2025-05-29T10:33:04.949-03:00  INFO 14408 --- [apisimpalmas] [tomcat-shutdown] o.s.b.w.e.tomcat.GracefulShutdown        : Graceful shutdown complete
2025-05-29T10:33:04.955-03:00  INFO 14408 --- [apisimpalmas] [Thread-7] j.LocalContainerEntityManagerFactoryBean : Closing JPA EntityManagerFactory for persistence unit 'default'
2025-05-29T10:33:04.961-03:00  INFO 14408 --- [apisimpalmas] [Thread-7] com.zaxxer.hikari.HikariDataSource       : HikariPool-2 - Shutdown initiated...
2025-05-29T10:33:04.980-03:00  INFO 14408 --- [apisimpalmas] [Thread-7] com.zaxxer.hikari.HikariDataSource       : HikariPool-2 - Shutdown completed.
2025-05-29T10:33:05.114-03:00  INFO 14408 --- [apisimpalmas] [restartedMain] b.c.j.a.ApisimpalmasApplication          : Starting ApisimpalmasApplication using Java 21.0.4 with PID 14408 (C:\desenvolvimento\apisimpalmas\target\classes started by secretaria01 in c:\desenvolvimento\apisimpalmas)
2025-05-29T10:33:05.115-03:00  INFO 14408 --- [apisimpalmas] [restartedMain] b.c.j.a.ApisimpalmasApplication          : No active profile set, falling back to 1 default profile: "default"
2025-05-29T10:33:06.135-03:00  INFO 14408 --- [apisimpalmas] [restartedMain] .s.d.r.c.RepositoryConfigurationDelegate : Bootstrapping Spring Data JPA repositories in DEFAULT mode.
2025-05-29T10:33:06.156-03:00  INFO 14408 --- [apisimpalmas] [restartedMain] .s.d.r.c.RepositoryConfigurationDelegate : Finished Spring Data repository scanning in 17 ms. Found 1 JPA repository interface.
2025-05-29T10:33:06.420-03:00  INFO 14408 --- [apisimpalmas] [restartedMain] o.s.b.w.embedded.tomcat.TomcatWebServer  : Tomcat initialized with port 8080 (http)
2025-05-29T10:33:06.423-03:00  INFO 14408 --- [apisimpalmas] [restartedMain] o.apache.catalina.core.StandardService   : Starting service [Tomcat]
2025-05-29T10:33:06.432-03:00  INFO 14408 --- [apisimpalmas] [restartedMain] o.apache.catalina.core.StandardEngine    : Starting Servlet engine: [Apache Tomcat/10.1.41]
2025-05-29T10:33:06.480-03:00  INFO 14408 --- [apisimpalmas] [restartedMain] o.a.c.c.C.[.[localhost].[/apisimpalmas]  : Initializing Spring embedded WebApplicationContext
2025-05-29T10:33:06.483-03:00  INFO 14408 --- [apisimpalmas] [restartedMain] w.s.c.ServletWebServerApplicationContext : Root WebApplicationContext: initialization completed in 1361 ms
2025-05-29T10:33:06.583-03:00  INFO 14408 --- [apisimpalmas] [restartedMain] o.hibernate.jpa.internal.util.LogHelper  : HHH000204: Processing PersistenceUnitInfo [name: default]
2025-05-29T10:33:06.587-03:00  INFO 14408 --- [apisimpalmas] [restartedMain] o.h.c.internal.RegionFactoryInitiator    : HHH000026: Second-level cache disabled
2025-05-29T10:33:06.612-03:00  INFO 14408 --- [apisimpalmas] [restartedMain] o.s.o.j.p.SpringPersistenceUnitInfo      : No LoadTimeWeaver setup: ignoring JPA class transformer
2025-05-29T10:33:06.619-03:00  INFO 14408 --- [apisimpalmas] [restartedMain] com.zaxxer.hikari.HikariDataSource       : HikariPool-3 - Starting...
2025-05-29T10:33:06.701-03:00  INFO 14408 --- [apisimpalmas] [restartedMain] com.zaxxer.hikari.pool.HikariPool        : HikariPool-3 - Added connection org.postgresql.jdbc.PgConnection@30c552a6
2025-05-29T10:33:06.702-03:00  INFO 14408 --- [apisimpalmas] [restartedMain] com.zaxxer.hikari.HikariDataSource       : HikariPool-3 - Start completed.
2025-05-29T10:33:06.713-03:00  INFO 14408 --- [apisimpalmas] [restartedMain] org.hibernate.orm.connections.pooling    : HHH10001005: Database info:
	Database JDBC URL [Connecting through datasource 'HikariDataSource (HikariPool-3)']
	Database driver: undefined/unknown
	Database version: 16.6
	Autocommit mode: undefined/unknown
	Isolation level: undefined/unknown
	Minimum pool size: undefined/unknown
	Maximum pool size: undefined/unknown
2025-05-29T10:33:07.047-03:00  INFO 14408 --- [apisimpalmas] [restartedMain] o.h.e.t.j.p.i.JtaPlatformInitiator       : HHH000489: No JTA platform available (set 'hibernate.transaction.jta.platform' to enable JTA platform integration)
2025-05-29T10:33:07.107-03:00  INFO 14408 --- [apisimpalmas] [restartedMain] j.LocalContainerEntityManagerFactoryBean : Initialized JPA EntityManagerFactory for persistence unit 'default'
2025-05-29T10:33:07.218-03:00  WARN 14408 --- [apisimpalmas] [restartedMain] JpaBaseConfiguration$JpaWebConfiguration : spring.jpa.open-in-view is enabled by default. Therefore, database queries may be performed during view rendering. Explicitly configure spring.jpa.open-in-view to disable this warning
2025-05-29T10:33:07.435-03:00  INFO 14408 --- [apisimpalmas] [restartedMain] o.s.b.d.a.OptionalLiveReloadServer       : LiveReload server is running on port 35729
2025-05-29T10:33:07.439-03:00  INFO 14408 --- [apisimpalmas] [restartedMain] o.s.b.a.e.web.EndpointLinksResolver      : Exposing 1 endpoint beneath base path '/actuator'
2025-05-29T10:33:07.461-03:00  INFO 14408 --- [apisimpalmas] [restartedMain] o.s.b.w.embedded.tomcat.TomcatWebServer  : Tomcat started on port 8080 (http) with context path '/apisimpalmas'
2025-05-29T10:33:07.473-03:00  INFO 14408 --- [apisimpalmas] [restartedMain] b.c.j.a.ApisimpalmasApplication          : Started ApisimpalmasApplication in 2.422 seconds (process running for 63642.134)
2025-05-29T10:33:07.478-03:00  INFO 14408 --- [apisimpalmas] [restartedMain] .ConditionEvaluationDeltaLoggingListener : Condition evaluation unchanged
2025-05-29T10:33:18.245-03:00  INFO 14408 --- [apisimpalmas] [File Watcher] rtingClassPathChangeChangedEventListener : Restarting due to 1 class path change (0 additions, 0 deletions, 1 modification)
2025-05-29T10:33:18.257-03:00  INFO 14408 --- [apisimpalmas] [Thread-11] o.s.b.w.e.tomcat.GracefulShutdown        : Commencing graceful shutdown. Waiting for active requests to complete
2025-05-29T10:33:18.274-03:00  INFO 14408 --- [apisimpalmas] [tomcat-shutdown] o.s.b.w.e.tomcat.GracefulShutdown        : Graceful shutdown complete
2025-05-29T10:33:18.280-03:00  INFO 14408 --- [apisimpalmas] [Thread-11] j.LocalContainerEntityManagerFactoryBean : Closing JPA EntityManagerFactory for persistence unit 'default'
2025-05-29T10:33:18.283-03:00  INFO 14408 --- [apisimpalmas] [Thread-11] com.zaxxer.hikari.HikariDataSource       : HikariPool-3 - Shutdown initiated...
2025-05-29T10:33:18.311-03:00  INFO 14408 --- [apisimpalmas] [Thread-11] com.zaxxer.hikari.HikariDataSource       : HikariPool-3 - Shutdown completed.
2025-05-29T10:33:18.453-03:00  INFO 14408 --- [apisimpalmas] [restartedMain] b.c.j.a.ApisimpalmasApplication          : Starting ApisimpalmasApplication using Java 21.0.4 with PID 14408 (C:\desenvolvimento\apisimpalmas\target\classes started by secretaria01 in c:\desenvolvimento\apisimpalmas)
2025-05-29T10:33:18.455-03:00  INFO 14408 --- [apisimpalmas] [restartedMain] b.c.j.a.ApisimpalmasApplication          : No active profile set, falling back to 1 default profile: "default"
2025-05-29T10:33:19.470-03:00  INFO 14408 --- [apisimpalmas] [restartedMain] .s.d.r.c.RepositoryConfigurationDelegate : Bootstrapping Spring Data JPA repositories in DEFAULT mode.
2025-05-29T10:33:19.538-03:00  INFO 14408 --- [apisimpalmas] [restartedMain] .s.d.r.c.RepositoryConfigurationDelegate : Finished Spring Data repository scanning in 17 ms. Found 1 JPA repository interface.
2025-05-29T10:33:19.854-03:00  INFO 14408 --- [apisimpalmas] [restartedMain] o.s.b.w.embedded.tomcat.TomcatWebServer  : Tomcat initialized with port 8080 (http)
2025-05-29T10:33:19.865-03:00  INFO 14408 --- [apisimpalmas] [restartedMain] o.apache.catalina.core.StandardService   : Starting service [Tomcat]
2025-05-29T10:33:19.868-03:00  INFO 14408 --- [apisimpalmas] [restartedMain] o.apache.catalina.core.StandardEngine    : Starting Servlet engine: [Apache Tomcat/10.1.41]
2025-05-29T10:33:19.932-03:00  INFO 14408 --- [apisimpalmas] [restartedMain] o.a.c.c.C.[.[localhost].[/apisimpalmas]  : Initializing Spring embedded WebApplicationContext
2025-05-29T10:33:19.935-03:00  INFO 14408 --- [apisimpalmas] [restartedMain] w.s.c.ServletWebServerApplicationContext : Root WebApplicationContext: initialization completed in 1474 ms
2025-05-29T10:33:20.009-03:00  INFO 14408 --- [apisimpalmas] [restartedMain] o.hibernate.jpa.internal.util.LogHelper  : HHH000204: Processing PersistenceUnitInfo [name: default]
2025-05-29T10:33:20.011-03:00  INFO 14408 --- [apisimpalmas] [restartedMain] o.h.c.internal.RegionFactoryInitiator    : HHH000026: Second-level cache disabled
2025-05-29T10:33:20.023-03:00  INFO 14408 --- [apisimpalmas] [restartedMain] o.s.o.j.p.SpringPersistenceUnitInfo      : No LoadTimeWeaver setup: ignoring JPA class transformer
2025-05-29T10:33:20.033-03:00  INFO 14408 --- [apisimpalmas] [restartedMain] com.zaxxer.hikari.HikariDataSource       : HikariPool-4 - Starting...
2025-05-29T10:33:20.113-03:00  INFO 14408 --- [apisimpalmas] [restartedMain] com.zaxxer.hikari.pool.HikariPool        : HikariPool-4 - Added connection org.postgresql.jdbc.PgConnection@617a9285
2025-05-29T10:33:20.114-03:00  INFO 14408 --- [apisimpalmas] [restartedMain] com.zaxxer.hikari.HikariDataSource       : HikariPool-4 - Start completed.
2025-05-29T10:33:20.124-03:00  INFO 14408 --- [apisimpalmas] [restartedMain] org.hibernate.orm.connections.pooling    : HHH10001005: Database info:
	Database JDBC URL [Connecting through datasource 'HikariDataSource (HikariPool-4)']
	Database driver: undefined/unknown
	Database version: 16.6
	Autocommit mode: undefined/unknown
	Isolation level: undefined/unknown
	Minimum pool size: undefined/unknown
	Maximum pool size: undefined/unknown
2025-05-29T10:33:20.178-03:00  INFO 14408 --- [apisimpalmas] [restartedMain] o.h.e.t.j.p.i.JtaPlatformInitiator       : HHH000489: No JTA platform available (set 'hibernate.transaction.jta.platform' to enable JTA platform integration)
2025-05-29T10:33:20.235-03:00  INFO 14408 --- [apisimpalmas] [restartedMain] j.LocalContainerEntityManagerFactoryBean : Initialized JPA EntityManagerFactory for persistence unit 'default'
2025-05-29T10:33:20.383-03:00  WARN 14408 --- [apisimpalmas] [restartedMain] JpaBaseConfiguration$JpaWebConfiguration : spring.jpa.open-in-view is enabled by default. Therefore, database queries may be performed during view rendering. Explicitly configure spring.jpa.open-in-view to disable this warning
2025-05-29T10:33:20.531-03:00  INFO 14408 --- [apisimpalmas] [restartedMain] o.s.b.d.a.OptionalLiveReloadServer       : LiveReload server is running on port 35729
2025-05-29T10:33:20.536-03:00  INFO 14408 --- [apisimpalmas] [restartedMain] o.s.b.a.e.web.EndpointLinksResolver      : Exposing 1 endpoint beneath base path '/actuator'
2025-05-29T10:33:20.573-03:00  INFO 14408 --- [apisimpalmas] [restartedMain] o.s.b.w.embedded.tomcat.TomcatWebServer  : Tomcat started on port 8080 (http) with context path '/apisimpalmas'
2025-05-29T10:33:20.579-03:00  INFO 14408 --- [apisimpalmas] [restartedMain] b.c.j.a.ApisimpalmasApplication          : Started ApisimpalmasApplication in 2.176 seconds (process running for 63655.241)
2025-05-29T10:33:20.587-03:00  INFO 14408 --- [apisimpalmas] [restartedMain] .ConditionEvaluationDeltaLoggingListener : Condition evaluation unchanged
2025-05-29T10:33:21.970-03:00  INFO 14408 --- [apisimpalmas] [File Watcher] rtingClassPathChangeChangedEventListener : Restarting due to 1 class path change (0 additions, 0 deletions, 1 modification)
2025-05-29T10:33:21.973-03:00  INFO 14408 --- [apisimpalmas] [Thread-15] o.s.b.w.e.tomcat.GracefulShutdown        : Commencing graceful shutdown. Waiting for active requests to complete
2025-05-29T10:33:21.979-03:00  INFO 14408 --- [apisimpalmas] [tomcat-shutdown] o.s.b.w.e.tomcat.GracefulShutdown        : Graceful shutdown complete
2025-05-29T10:33:21.986-03:00  INFO 14408 --- [apisimpalmas] [Thread-15] j.LocalContainerEntityManagerFactoryBean : Closing JPA EntityManagerFactory for persistence unit 'default'
2025-05-29T10:33:21.989-03:00  INFO 14408 --- [apisimpalmas] [Thread-15] com.zaxxer.hikari.HikariDataSource       : HikariPool-4 - Shutdown initiated...
2025-05-29T10:33:22.003-03:00  INFO 14408 --- [apisimpalmas] [Thread-15] com.zaxxer.hikari.HikariDataSource       : HikariPool-4 - Shutdown completed.
2025-05-29T10:33:22.102-03:00  INFO 14408 --- [apisimpalmas] [restartedMain] b.c.j.a.ApisimpalmasApplication          : Starting ApisimpalmasApplication using Java 21.0.4 with PID 14408 (C:\desenvolvimento\apisimpalmas\target\classes started by secretaria01 in c:\desenvolvimento\apisimpalmas)
2025-05-29T10:33:22.103-03:00  INFO 14408 --- [apisimpalmas] [restartedMain] b.c.j.a.ApisimpalmasApplication          : No active profile set, falling back to 1 default profile: "default"
2025-05-29T10:33:22.523-03:00  INFO 14408 --- [apisimpalmas] [restartedMain] .s.d.r.c.RepositoryConfigurationDelegate : Bootstrapping Spring Data JPA repositories in DEFAULT mode.
2025-05-29T10:33:22.535-03:00  INFO 14408 --- [apisimpalmas] [restartedMain] .s.d.r.c.RepositoryConfigurationDelegate : Finished Spring Data repository scanning in 11 ms. Found 1 JPA repository interface.
2025-05-29T10:33:22.620-03:00  INFO 14408 --- [apisimpalmas] [restartedMain] o.s.b.w.embedded.tomcat.TomcatWebServer  : Tomcat initialized with port 8080 (http)
2025-05-29T10:33:22.622-03:00  INFO 14408 --- [apisimpalmas] [restartedMain] o.apache.catalina.core.StandardService   : Starting service [Tomcat]
2025-05-29T10:33:22.623-03:00  INFO 14408 --- [apisimpalmas] [restartedMain] o.apache.catalina.core.StandardEngine    : Starting Servlet engine: [Apache Tomcat/10.1.41]
2025-05-29T10:33:22.644-03:00  INFO 14408 --- [apisimpalmas] [restartedMain] o.a.c.c.C.[.[localhost].[/apisimpalmas]  : Initializing Spring embedded WebApplicationContext
2025-05-29T10:33:22.645-03:00  INFO 14408 --- [apisimpalmas] [restartedMain] w.s.c.ServletWebServerApplicationContext : Root WebApplicationContext: initialization completed in 540 ms
2025-05-29T10:33:22.693-03:00  INFO 14408 --- [apisimpalmas] [restartedMain] o.hibernate.jpa.internal.util.LogHelper  : HHH000204: Processing PersistenceUnitInfo [name: default]
2025-05-29T10:33:22.695-03:00  INFO 14408 --- [apisimpalmas] [restartedMain] o.h.c.internal.RegionFactoryInitiator    : HHH000026: Second-level cache disabled
2025-05-29T10:33:22.705-03:00  INFO 14408 --- [apisimpalmas] [restartedMain] o.s.o.j.p.SpringPersistenceUnitInfo      : No LoadTimeWeaver setup: ignoring JPA class transformer
2025-05-29T10:33:22.706-03:00  INFO 14408 --- [apisimpalmas] [restartedMain] com.zaxxer.hikari.HikariDataSource       : HikariPool-5 - Starting...
2025-05-29T10:33:22.762-03:00  INFO 14408 --- [apisimpalmas] [restartedMain] com.zaxxer.hikari.pool.HikariPool        : HikariPool-5 - Added connection org.postgresql.jdbc.PgConnection@185746fd
2025-05-29T10:33:22.762-03:00  INFO 14408 --- [apisimpalmas] [restartedMain] com.zaxxer.hikari.HikariDataSource       : HikariPool-5 - Start completed.
2025-05-29T10:33:22.772-03:00  INFO 14408 --- [apisimpalmas] [restartedMain] org.hibernate.orm.connections.pooling    : HHH10001005: Database info:
	Database JDBC URL [Connecting through datasource 'HikariDataSource (HikariPool-5)']
	Database driver: undefined/unknown
	Database version: 16.6
	Autocommit mode: undefined/unknown
	Isolation level: undefined/unknown
	Minimum pool size: undefined/unknown
	Maximum pool size: undefined/unknown
2025-05-29T10:33:22.825-03:00  INFO 14408 --- [apisimpalmas] [restartedMain] o.h.e.t.j.p.i.JtaPlatformInitiator       : HHH000489: No JTA platform available (set 'hibernate.transaction.jta.platform' to enable JTA platform integration)
2025-05-29T10:33:22.879-03:00  INFO 14408 --- [apisimpalmas] [restartedMain] j.LocalContainerEntityManagerFactoryBean : Initialized JPA EntityManagerFactory for persistence unit 'default'
2025-05-29T10:33:22.984-03:00  WARN 14408 --- [apisimpalmas] [restartedMain] JpaBaseConfiguration$JpaWebConfiguration : spring.jpa.open-in-view is enabled by default. Therefore, database queries may be performed during view rendering. Explicitly configure spring.jpa.open-in-view to disable this warning
2025-05-29T10:33:23.137-03:00  INFO 14408 --- [apisimpalmas] [restartedMain] o.s.b.d.a.OptionalLiveReloadServer       : LiveReload server is running on port 35729
2025-05-29T10:33:23.140-03:00  INFO 14408 --- [apisimpalmas] [restartedMain] o.s.b.a.e.web.EndpointLinksResolver      : Exposing 1 endpoint beneath base path '/actuator'
2025-05-29T10:33:23.160-03:00  INFO 14408 --- [apisimpalmas] [restartedMain] o.s.b.w.embedded.tomcat.TomcatWebServer  : Tomcat started on port 8080 (http) with context path '/apisimpalmas'
2025-05-29T10:33:23.167-03:00  INFO 14408 --- [apisimpalmas] [restartedMain] b.c.j.a.ApisimpalmasApplication          : Started ApisimpalmasApplication in 1.104 seconds (process running for 63657.828)
2025-05-29T10:33:23.175-03:00  INFO 14408 --- [apisimpalmas] [restartedMain] .ConditionEvaluationDeltaLoggingListener : Condition evaluation unchanged
